mode: atomic
github.com/txsvc/stdlib/pkg/validate/validate.go:4.38,5.22 1 5
github.com/txsvc/stdlib/pkg/validate/validate.go:8.2,8.27 1 4
github.com/txsvc/stdlib/pkg/validate/validate.go:13.2,13.13 1 2
github.com/txsvc/stdlib/pkg/validate/validate.go:5.22,7.3 1 1
github.com/txsvc/stdlib/pkg/validate/validate.go:8.27,9.14 1 6
github.com/txsvc/stdlib/pkg/validate/validate.go:9.14,11.4 1 2
github.com/txsvc/stdlib/pkg/validate/validate.go:17.54,18.22 1 3
github.com/txsvc/stdlib/pkg/validate/validate.go:21.2,21.27 1 2
github.com/txsvc/stdlib/pkg/validate/validate.go:26.2,26.14 1 1
github.com/txsvc/stdlib/pkg/validate/validate.go:18.22,20.3 1 1
github.com/txsvc/stdlib/pkg/validate/validate.go:21.27,22.17 1 7
github.com/txsvc/stdlib/pkg/validate/validate.go:22.17,24.4 1 1
github.com/txsvc/stdlib/pkg/validate/validator.go:53.34,59.2 2 14
github.com/txsvc/stdlib/pkg/validate/validator.go:62.58,64.2 1 0
github.com/txsvc/stdlib/pkg/validate/validator.go:67.42,70.2 2 11
github.com/txsvc/stdlib/pkg/validate/validator.go:73.44,76.2 2 0
github.com/txsvc/stdlib/pkg/validate/validator.go:79.56,80.31 1 2
github.com/txsvc/stdlib/pkg/validate/validator.go:85.2,85.21 1 2
github.com/txsvc/stdlib/pkg/validate/validator.go:80.31,83.3 2 0
github.com/txsvc/stdlib/pkg/validate/validator.go:85.21,87.3 1 1
github.com/txsvc/stdlib/pkg/validate/validator.go:91.54,92.19 1 2
github.com/txsvc/stdlib/pkg/validate/validator.go:92.19,94.3 1 1
github.com/txsvc/stdlib/pkg/validate/validator.go:98.58,99.96 1 4
github.com/txsvc/stdlib/pkg/validate/validator.go:99.96,101.3 1 1
github.com/txsvc/stdlib/pkg/validate/validator.go:105.51,106.14 1 3
github.com/txsvc/stdlib/pkg/validate/validator.go:106.14,108.3 1 1
github.com/txsvc/stdlib/pkg/validate/validator.go:112.40,114.33 2 2
github.com/txsvc/stdlib/pkg/validate/validator.go:117.2,117.39 1 2
github.com/txsvc/stdlib/pkg/validate/validator.go:114.33,116.3 1 0
github.com/txsvc/stdlib/pkg/validate/validator.go:117.39,119.3 1 1
github.com/txsvc/stdlib/pkg/validate/validator.go:123.42,125.16 2 3
github.com/txsvc/stdlib/pkg/validate/validator.go:125.16,127.3 1 2
github.com/txsvc/stdlib/pkg/validate/validator.go:131.43,133.16 2 3
github.com/txsvc/stdlib/pkg/validate/validator.go:136.2,136.12 1 3
github.com/txsvc/stdlib/pkg/validate/validator.go:133.16,135.3 1 1
github.com/txsvc/stdlib/pkg/validate/validator.go:136.12,138.3 1 1
github.com/txsvc/stdlib/pkg/validate/validator.go:142.69,143.19 1 2
github.com/txsvc/stdlib/pkg/validate/validator.go:143.19,145.3 1 1
github.com/txsvc/stdlib/pkg/validate/validator.go:149.74,150.19 1 2
github.com/txsvc/stdlib/pkg/validate/validator.go:154.2,154.28 1 2
github.com/txsvc/stdlib/pkg/validate/validator.go:150.19,153.3 2 0
github.com/txsvc/stdlib/pkg/validate/validator.go:154.28,156.3 1 1
github.com/txsvc/stdlib/pkg/validate/validator.go:160.36,162.2 1 0
github.com/txsvc/stdlib/pkg/validate/validator.go:165.36,167.2 1 0
github.com/txsvc/stdlib/pkg/validate/validator.go:170.35,172.2 1 0
github.com/txsvc/stdlib/pkg/validate/validator.go:175.37,177.2 1 0
github.com/txsvc/stdlib/pkg/validate/validator.go:180.37,181.19 1 0
github.com/txsvc/stdlib/pkg/validate/validator.go:184.2,184.30 1 0
github.com/txsvc/stdlib/pkg/validate/validator.go:181.19,183.3 1 0
github.com/txsvc/stdlib/pkg/validate/validator.go:188.36,190.2 1 0
github.com/txsvc/stdlib/pkg/validate/validator.go:193.37,194.19 1 0
github.com/txsvc/stdlib/pkg/validate/validator.go:197.2,198.33 2 0
github.com/txsvc/stdlib/pkg/validate/validator.go:201.2,201.10 1 0
github.com/txsvc/stdlib/pkg/validate/validator.go:194.19,196.3 1 0
github.com/txsvc/stdlib/pkg/validate/validator.go:198.33,200.3 1 0
github.com/txsvc/stdlib/pkg/id/ids.go:18.32,20.2 1 2
github.com/txsvc/stdlib/pkg/id/ids.go:23.35,26.2 2 2
github.com/txsvc/stdlib/pkg/id/ids.go:29.29,32.34 3 1
github.com/txsvc/stdlib/pkg/id/ids.go:36.2,39.99 3 1
github.com/txsvc/stdlib/pkg/id/ids.go:32.34,34.3 1 0
github.com/txsvc/stdlib/pkg/id/ids.go:43.49,46.34 3 1
github.com/txsvc/stdlib/pkg/id/ids.go:50.2,53.68 3 1
github.com/txsvc/stdlib/pkg/id/ids.go:46.34,48.3 1 0
github.com/txsvc/stdlib/pkg/id/ids.go:57.34,60.34 3 1
github.com/txsvc/stdlib/pkg/id/ids.go:63.2,66.42 3 1
github.com/txsvc/stdlib/pkg/id/ids.go:60.34,62.3 1 0
github.com/txsvc/stdlib/pkg/id/ids.go:70.35,73.34 3 1
github.com/txsvc/stdlib/pkg/id/ids.go:77.2,80.37 3 1
github.com/txsvc/stdlib/pkg/id/ids.go:73.34,75.3 1 0
github.com/txsvc/stdlib/pkg/env/env.go:10.40,12.8 2 2
github.com/txsvc/stdlib/pkg/env/env.go:15.2,15.12 1 1
github.com/txsvc/stdlib/pkg/env/env.go:12.8,14.3 1 1
github.com/txsvc/stdlib/pkg/env/env.go:19.42,21.8 2 2
github.com/txsvc/stdlib/pkg/env/env.go:28.2,28.12 1 1
github.com/txsvc/stdlib/pkg/env/env.go:21.8,23.17 2 1
github.com/txsvc/stdlib/pkg/env/env.go:26.3,26.11 1 0
github.com/txsvc/stdlib/pkg/env/env.go:23.17,25.4 1 1
github.com/txsvc/stdlib/pkg/env/env.go:32.30,34.20 2 2
github.com/txsvc/stdlib/pkg/env/env.go:37.2,37.13 1 1
github.com/txsvc/stdlib/pkg/env/env.go:34.20,36.3 1 1
github.com/txsvc/stdlib/pkg/loader/loader.go:46.61,47.13 1 7
github.com/txsvc/stdlib/pkg/loader/loader.go:50.2,50.15 1 6
github.com/txsvc/stdlib/pkg/loader/loader.go:53.2,57.8 1 5
github.com/txsvc/stdlib/pkg/loader/loader.go:47.13,49.3 1 1
github.com/txsvc/stdlib/pkg/loader/loader.go:50.15,52.3 1 1
github.com/txsvc/stdlib/pkg/loader/loader.go:61.78,66.39 3 6
github.com/txsvc/stdlib/pkg/loader/loader.go:71.2,72.16 2 3
github.com/txsvc/stdlib/pkg/loader/loader.go:75.2,75.17 1 3
github.com/txsvc/stdlib/pkg/loader/loader.go:82.2,83.17 2 0
github.com/txsvc/stdlib/pkg/loader/loader.go:66.39,69.3 2 3
github.com/txsvc/stdlib/pkg/loader/loader.go:72.16,74.3 1 0
github.com/txsvc/stdlib/pkg/loader/loader.go:75.17,76.66 1 3
github.com/txsvc/stdlib/pkg/loader/loader.go:79.3,80.19 2 3
github.com/txsvc/stdlib/pkg/loader/loader.go:76.66,78.4 1 0
github.com/txsvc/stdlib/pkg/loader/loader.go:86.66,89.2 2 3
github.com/txsvc/stdlib/pkg/loader/loader.go:92.84,96.66 3 1
github.com/txsvc/stdlib/pkg/loader/loader.go:99.2,99.12 1 1
github.com/txsvc/stdlib/pkg/loader/loader.go:96.66,98.3 1 0
github.com/txsvc/stdlib/pkg/loader/loader.go:103.59,107.2 3 1
github.com/txsvc/stdlib/pkg/loader/loader.go:111.32,113.2 1 2
github.com/txsvc/stdlib/pkg/loader/loader.go:115.34,117.2 1 2
github.com/txsvc/stdlib/pkg/loader/loader.go:119.35,121.16 2 2
github.com/txsvc/stdlib/pkg/loader/loader.go:124.2,124.46 1 2
github.com/txsvc/stdlib/pkg/loader/loader.go:121.16,123.3 1 0
github.com/txsvc/stdlib/pkg/loader/loader.go:127.34,129.2 1 1
github.com/txsvc/stdlib/pkg/timestamp/timestamp.go:8.18,10.2 1 2
github.com/txsvc/stdlib/pkg/timestamp/timestamp.go:13.19,15.2 1 1
github.com/txsvc/stdlib/pkg/timestamp/timestamp.go:18.33,20.2 1 2
github.com/txsvc/stdlib/pkg/timestamp/timestamp.go:23.42,26.2 2 1
github.com/txsvc/stdlib/pkg/timestamp/timestamp.go:29.28,31.2 1 1
github.com/txsvc/stdlib/pkg/timestamp/timestamp.go:34.29,36.2 1 1
github.com/txsvc/stdlib/pkg/timestamp/timestamp.go:39.26,41.2 1 1
github.com/txsvc/stdlib/pkg/timestamp/timestamp.go:44.29,46.2 1 1
